

!CONFIGURATION: 'Debug__TICLANG' (com.ti.ccstudio.buildDefinitions.TMS470.Debug.538131074) [Fri Jul 14 15:50:08 CEST 2023]

	!TOOL: 'Arm Compiler' (com.ti.ccstudio.buildDefinitions.TMS470_TICLANG_2.1.exe.compilerDebug.1351672772)

		!NOTE: Source-tool setting '--float_support=FPv4SPD16 -mv7M4' has been migrated to target-tool setting '-mfloat-abi=hard -mfpu=fpv4-sp-d16'

		!NOTE: Source-tool setting '--opt_for_speed=1 -O2' has been migrated to target-tool setting '-Oz'
			tiarmclang's -Oz option enables moderately aggressive performance optimizations combined with aggressive code size optimizations that may affect performance

		!NOTE: Source-tool default '--c89 --relaxed_ansi' has been migrated to target-tool setting '-std=gnu90'

		!NOTE: Source-tool default '--c++14 --relaxed_ansi' has been migrated to target-tool setting '-std=gnu++14'

		!NOTE: Source-tool setting '-mv7M4' has been migrated to target-tool setting '-march=thumbv7em -mcpu=cortex-m4'

		!NOTE: Source-tool default '--endian=little' has been migrated to target-tool setting '-mlittle-endian'

		!NOTE: Source-tool setting '--code_state=16' has been migrated to target-tool setting '-mthumb'

		!NOTE: Source-tool setting: 
				--include_path="C:/ti/tivaware_c_series_2_1_4_178" --include_path="C:/ti/tivaware_c_series_2_1_4_178/utils" --include_path="C:/ti/tivaware_c_series_2_1_4_178/inc" --include_path="C:/ti/tivaware_c_series_2_1_4_178/examples/boards/ek-tm4c129exl" --include_path="C:/ti/tivaware_c_series_2_1_4_178/third_party/FreeRTOS/Source/include" --include_path="C:/ti/tivaware_c_series_2_1_4_178/third_party/FreeRTOS/Source/portable/CCS/ARM_CM4F" --include_path="${CG_TOOL_ROOT}/include" --include_path="${PROJECT_ROOT}" 
			has been migrated to target-tool setting: 
				-I"C:/ti/tivaware_c_series_2_1_4_178" -I"C:/ti/tivaware_c_series_2_1_4_178/utils" -I"C:/ti/tivaware_c_series_2_1_4_178/inc" -I"C:/ti/tivaware_c_series_2_1_4_178/examples/boards/ek-tm4c129exl" -I"C:/ti/tivaware_c_series_2_1_4_178/third_party/FreeRTOS/Source/include" -I"C:/ti/tivaware_c_series_2_1_4_178/third_party/FreeRTOS/Source/portable/CCS/ARM_CM4F" -I"${CG_TOOL_ROOT}/include" -I"${PROJECT_ROOT}"

		!NOTE: Source-tool setting: 
				--define=TARGET_IS_TM4C129_RA1 --define=_INLINE --define=DEBUG --define=ccs="ccs" --define=PART_TM4C129ENCPDT 
			has been migrated to target-tool setting: 
				-DTARGET_IS_TM4C129_RA1 -D_INLINE -DDEBUG -Dccs="ccs" -DPART_TM4C129ENCPDT

		!NOTE: Source-tool setting '-g' has been migrated to target-tool setting '-gdwarf-3'

		!NOTE: Source-tool default '--wchar_t=16' has been migrated to target-tool setting '-fno-short-wchar'
			tiarmclang does not support 16-bit wchar_t in its runtime libraries; the --wchar_t=16 option will map to tiarmclang's -fno-short-wchar option (32-bit wchar_t type assumed)

		!NOTE: Source-tool default '--common=on' has been migrated to target-tool setting '-fcommon'

		!NOTE: Source-tool default '' has been migrated to target-tool setting '-Werror=ti-pragmas -Werror=ti-macros -Werror=ti-intrinsics'
			use of legacy TI pragmas will be flagged as errors
			use of legacy TI pre-defined macro symbols will be flagged as errors
			use of legacy TI intrinsics will be flagged as errors

		!WARNING: The following source-tool settings were not migrated because no migration rules have been defined - please migrate these settings manually, if applicable: 
				--gcc --diag_warning=225 --diag_wrap=off --display_error_number

