
**** Build of configuration Debug for project ASSIGMENT1B ****

"C:\\ti\\ccs1210\\ccs\\utils\\bin\\gmake" -k -j 8 all -O 
 
Building file: "../main.c"
Invoking: Arm Compiler
"C:/ti/ccs1210/ccs/tools/compiler/ti-cgt-arm_20.2.7.LTS/bin/armcl" -mv7M4 --code_state=16 --float_support=FPv4SPD16 -me -O3 --include_path="C:/ti/tivaware_c_series_2_1_4_178/examples/boards/ek-tm4c129exl" --include_path="C:/ti/tivaware_c_series_2_1_4_178" --include_path="C:/Users/mahon/workspace_v12/ASSIGMENT1B" --include_path="C:/ti/tivaware_c_series_2_1_4_178/inc" --include_path="C:/ti/ccs1210/ccs/tools/compiler/ti-cgt-arm_20.2.7.LTS/include" --define=ccs="ccs" --define=TARGET_IS_TM4C129_RA1 --define=PART_TM4C129ENCPDT -g --gcc --diag_warning=225 --diag_wrap=off --display_error_number --abi=eabi --preproc_with_compile --preproc_dependency="main.d_raw"  "../main.c"
Finished building: "../main.c"
 
Building file: "../tm4c129encpdt_startup_ccs.c"
Invoking: Arm Compiler
"C:/ti/ccs1210/ccs/tools/compiler/ti-cgt-arm_20.2.7.LTS/bin/armcl" -mv7M4 --code_state=16 --float_support=FPv4SPD16 -me -O3 --include_path="C:/ti/tivaware_c_series_2_1_4_178/examples/boards/ek-tm4c129exl" --include_path="C:/ti/tivaware_c_series_2_1_4_178" --include_path="C:/Users/mahon/workspace_v12/ASSIGMENT1B" --include_path="C:/ti/tivaware_c_series_2_1_4_178/inc" --include_path="C:/ti/ccs1210/ccs/tools/compiler/ti-cgt-arm_20.2.7.LTS/include" --define=ccs="ccs" --define=TARGET_IS_TM4C129_RA1 --define=PART_TM4C129ENCPDT -g --gcc --diag_warning=225 --diag_wrap=off --display_error_number --abi=eabi --preproc_with_compile --preproc_dependency="tm4c129encpdt_startup_ccs.d_raw"  "../tm4c129encpdt_startup_ccs.c"
Finished building: "../tm4c129encpdt_startup_ccs.c"
 
Building file: "C:/ti/tivaware_c_series_2_1_4_178/examples/boards/ek-tm4c129exl/drivers/buttons.c"
Invoking: Arm Compiler
"C:/ti/ccs1210/ccs/tools/compiler/ti-cgt-arm_20.2.7.LTS/bin/armcl" -mv7M4 --code_state=16 --float_support=FPv4SPD16 -me -O3 --include_path="C:/ti/tivaware_c_series_2_1_4_178/examples/boards/ek-tm4c129exl" --include_path="C:/ti/tivaware_c_series_2_1_4_178" --include_path="C:/Users/mahon/workspace_v12/ASSIGMENT1B" --include_path="C:/ti/tivaware_c_series_2_1_4_178/inc" --include_path="C:/ti/ccs1210/ccs/tools/compiler/ti-cgt-arm_20.2.7.LTS/include" --define=ccs="ccs" --define=TARGET_IS_TM4C129_RA1 --define=PART_TM4C129ENCPDT -g --gcc --diag_warning=225 --diag_wrap=off --display_error_number --abi=eabi --preproc_with_compile --preproc_dependency="driver/buttons.d_raw" --obj_directory="driver"  "C:/ti/tivaware_c_series_2_1_4_178/examples/boards/ek-tm4c129exl/drivers/buttons.c"
Finished building: "C:/ti/tivaware_c_series_2_1_4_178/examples/boards/ek-tm4c129exl/drivers/buttons.c"
 
Building file: "C:/ti/tivaware_c_series_2_1_4_178/examples/boards/ek-tm4c129exl/drivers/pinout.c"
Invoking: Arm Compiler
"C:/ti/ccs1210/ccs/tools/compiler/ti-cgt-arm_20.2.7.LTS/bin/armcl" -mv7M4 --code_state=16 --float_support=FPv4SPD16 -me -O3 --include_path="C:/ti/tivaware_c_series_2_1_4_178/examples/boards/ek-tm4c129exl" --include_path="C:/ti/tivaware_c_series_2_1_4_178" --include_path="C:/Users/mahon/workspace_v12/ASSIGMENT1B" --include_path="C:/ti/tivaware_c_series_2_1_4_178/inc" --include_path="C:/ti/ccs1210/ccs/tools/compiler/ti-cgt-arm_20.2.7.LTS/include" --define=ccs="ccs" --define=TARGET_IS_TM4C129_RA1 --define=PART_TM4C129ENCPDT -g --gcc --diag_warning=225 --diag_wrap=off --display_error_number --abi=eabi --preproc_with_compile --preproc_dependency="driver/pinout.d_raw" --obj_directory="driver"  "C:/ti/tivaware_c_series_2_1_4_178/examples/boards/ek-tm4c129exl/drivers/pinout.c"
Finished building: "C:/ti/tivaware_c_series_2_1_4_178/examples/boards/ek-tm4c129exl/drivers/pinout.c"
 
Building target: "ASSIGMENT1B.out"
Invoking: Arm Linker
"C:/ti/ccs1210/ccs/tools/compiler/ti-cgt-arm_20.2.7.LTS/bin/armcl" -mv7M4 --code_state=16 --float_support=FPv4SPD16 -me -O3 --define=ccs="ccs" --define=TARGET_IS_TM4C129_RA1 --define=PART_TM4C129ENCPDT -g --gcc --diag_warning=225 --diag_wrap=off --display_error_number --abi=eabi -z -m"ASSIGMENT1B.map" --heap_size=0 --stack_size=512 -i"C:/ti/ccs1210/ccs/tools/compiler/ti-cgt-arm_20.2.7.LTS/lib" -i"C:/ti/ccs1210/ccs/tools/compiler/ti-cgt-arm_20.2.7.LTS/include" --reread_libs --diag_wrap=off --display_error_number --warn_sections --xml_link_info="ASSIGMENT1B_linkInfo.xml" --rom_model -o "ASSIGMENT1B.out" "./main.obj" "./tm4c129encpdt_startup_ccs.obj" "./driver/buttons.obj" "./driver/pinout.obj" "../tm4c129encpdt.cmd"  -llibc.a -l"C:/ti/tivaware_c_series_2_1_4_178/driverlib/ccs/Debug/driverlib.lib" 
<Linking>
Finished building target: "ASSIGMENT1B.out"
 

**** Build Finished ****
