
**** Build of configuration Debug for project FOUR_LEDS_ONCE ****

"C:\\ti\\ccs1210\\ccs\\utils\\bin\\gmake" -k -j 8 all -O 
 
Building file: "../tm4c129encpdt_startup_ccs.c"
Invoking: Arm Compiler
"C:/ti/ccs1210/ccs/tools/compiler/ti-cgt-arm_20.2.7.LTS/bin/armcl" -mv7M4 --code_state=16 --float_support=FPv4SPD16 -me --include_path="C:/ti/tivaware_c_series_2_1_4_178/inc" --include_path="C:/Users/mahon/workspace_v12/FOUR_LEDS_ONCE" --include_path="C:/ti/ccs1210/ccs/tools/compiler/ti-cgt-arm_20.2.7.LTS/include" --define=ccs="ccs" --define=PART_TM4C129ENCPDT -g --gcc --diag_warning=225 --diag_wrap=off --display_error_number --abi=eabi --preproc_with_compile --preproc_dependency="tm4c129encpdt_startup_ccs.d_raw"  "../tm4c129encpdt_startup_ccs.c"
Finished building: "../tm4c129encpdt_startup_ccs.c"
 
Building file: "../main.c"
Invoking: Arm Compiler
"C:/ti/ccs1210/ccs/tools/compiler/ti-cgt-arm_20.2.7.LTS/bin/armcl" -mv7M4 --code_state=16 --float_support=FPv4SPD16 -me --include_path="C:/ti/tivaware_c_series_2_1_4_178/inc" --include_path="C:/Users/mahon/workspace_v12/FOUR_LEDS_ONCE" --include_path="C:/ti/ccs1210/ccs/tools/compiler/ti-cgt-arm_20.2.7.LTS/include" --define=ccs="ccs" --define=PART_TM4C129ENCPDT -g --gcc --diag_warning=225 --diag_wrap=off --display_error_number --abi=eabi --preproc_with_compile --preproc_dependency="main.d_raw"  "../main.c"
Finished building: "../main.c"
 
Building file: "../drivers/ButtonInitandLedInitdrivers.c"
Invoking: Arm Compiler
"C:/ti/ccs1210/ccs/tools/compiler/ti-cgt-arm_20.2.7.LTS/bin/armcl" -mv7M4 --code_state=16 --float_support=FPv4SPD16 -me --include_path="C:/ti/tivaware_c_series_2_1_4_178/inc" --include_path="C:/Users/mahon/workspace_v12/FOUR_LEDS_ONCE" --include_path="C:/ti/ccs1210/ccs/tools/compiler/ti-cgt-arm_20.2.7.LTS/include" --define=ccs="ccs" --define=PART_TM4C129ENCPDT -g --gcc --diag_warning=225 --diag_wrap=off --display_error_number --abi=eabi --preproc_with_compile --preproc_dependency="drivers/ButtonInitandLedInitdrivers.d_raw" --obj_directory="drivers"  "../drivers/ButtonInitandLedInitdrivers.c"
Finished building: "../drivers/ButtonInitandLedInitdrivers.c"
 
Building target: "FOUR_LEDS_ONCE.out"
Invoking: Arm Linker
"C:/ti/ccs1210/ccs/tools/compiler/ti-cgt-arm_20.2.7.LTS/bin/armcl" -mv7M4 --code_state=16 --float_support=FPv4SPD16 -me --define=ccs="ccs" --define=PART_TM4C129ENCPDT -g --gcc --diag_warning=225 --diag_wrap=off --display_error_number --abi=eabi -z -m"FOUR_LEDS_ONCE.map" --heap_size=0 --stack_size=512 -i"C:/ti/ccs1210/ccs/tools/compiler/ti-cgt-arm_20.2.7.LTS/lib" -i"C:/ti/ccs1210/ccs/tools/compiler/ti-cgt-arm_20.2.7.LTS/include" --reread_libs --diag_wrap=off --display_error_number --warn_sections --xml_link_info="FOUR_LEDS_ONCE_linkInfo.xml" --rom_model -o "FOUR_LEDS_ONCE.out" "./main.obj" "./tm4c129encpdt_startup_ccs.obj" "./drivers/ButtonInitandLedInitdrivers.obj" "../tm4c129encpdt.cmd"  -llibc.a 
<Linking>
Finished building target: "FOUR_LEDS_ONCE.out"
 

**** Build Finished ****
