
**** Build of configuration Debug for project LAB4B ****

"C:\\ti\\ccs1210\\ccs\\utils\\bin\\gmake" -k -j 8 all -O 
 
Building file: "../tm4c129encpdt_startup_ccs.c"
Invoking: Arm Compiler
"C:/ti/ccs1210/ccs/tools/compiler/ti-cgt-arm_20.2.7.LTS/bin/armcl" -mv7M4 --code_state=16 --float_support=FPv4SPD16 -me -O2 --include_path="C:/ti/tivaware_c_series_2_1_4_178" --include_path="C:/ti/tivaware_c_series_2_1_4_178/examples/boards/ek-tm4c129exl" --include_path="C:/Users/mahon/workspace_v12/LAB4B" --include_path="C:/ti/ccs1210/ccs/tools/compiler/ti-cgt-arm_20.2.7.LTS/include" --define=TARGET_IS_TM4C129_RA1 --define=ccs="ccs" --define=PART_TM4C129ENCPDT -g --gcc --diag_warning=225 --diag_wrap=off --display_error_number --abi=eabi --preproc_with_compile --preproc_dependency="tm4c129encpdt_startup_ccs.d_raw"  "../tm4c129encpdt_startup_ccs.c"
Finished building: "../tm4c129encpdt_startup_ccs.c"
 
Building file: "../LAB4.c"
Invoking: Arm Compiler
"C:/ti/ccs1210/ccs/tools/compiler/ti-cgt-arm_20.2.7.LTS/bin/armcl" -mv7M4 --code_state=16 --float_support=FPv4SPD16 -me -O2 --include_path="C:/ti/tivaware_c_series_2_1_4_178" --include_path="C:/ti/tivaware_c_series_2_1_4_178/examples/boards/ek-tm4c129exl" --include_path="C:/Users/mahon/workspace_v12/LAB4B" --include_path="C:/ti/ccs1210/ccs/tools/compiler/ti-cgt-arm_20.2.7.LTS/include" --define=TARGET_IS_TM4C129_RA1 --define=ccs="ccs" --define=PART_TM4C129ENCPDT -g --gcc --diag_warning=225 --diag_wrap=off --display_error_number --abi=eabi --preproc_with_compile --preproc_dependency="LAB4.d_raw"  "../LAB4.c"
Finished building: "../LAB4.c"
 
Building file: "../drivers/Uart.c"
Invoking: Arm Compiler
"C:/ti/ccs1210/ccs/tools/compiler/ti-cgt-arm_20.2.7.LTS/bin/armcl" -mv7M4 --code_state=16 --float_support=FPv4SPD16 -me -O2 --include_path="C:/ti/tivaware_c_series_2_1_4_178" --include_path="C:/ti/tivaware_c_series_2_1_4_178/examples/boards/ek-tm4c129exl" --include_path="C:/Users/mahon/workspace_v12/LAB4B" --include_path="C:/ti/ccs1210/ccs/tools/compiler/ti-cgt-arm_20.2.7.LTS/include" --define=TARGET_IS_TM4C129_RA1 --define=ccs="ccs" --define=PART_TM4C129ENCPDT -g --gcc --diag_warning=225 --diag_wrap=off --display_error_number --abi=eabi --preproc_with_compile --preproc_dependency="drivers/Uart.d_raw" --obj_directory="drivers"  "../drivers/Uart.c"
Finished building: "../drivers/Uart.c"
 
Building target: "LAB4B.out"
Invoking: Arm Linker
"C:/ti/ccs1210/ccs/tools/compiler/ti-cgt-arm_20.2.7.LTS/bin/armcl" -mv7M4 --code_state=16 --float_support=FPv4SPD16 -me -O2 --define=TARGET_IS_TM4C129_RA1 --define=ccs="ccs" --define=PART_TM4C129ENCPDT -g --gcc --diag_warning=225 --diag_wrap=off --display_error_number --abi=eabi -z -m"LAB4B.map" --heap_size=0 --stack_size=512 -i"C:/ti/ccs1210/ccs/tools/compiler/ti-cgt-arm_20.2.7.LTS/lib" -i"C:/ti/ccs1210/ccs/tools/compiler/ti-cgt-arm_20.2.7.LTS/include" --reread_libs --diag_wrap=off --display_error_number --warn_sections --xml_link_info="LAB4B_linkInfo.xml" --rom_model -o "LAB4B.out" "./LAB4.obj" "./tm4c129encpdt_startup_ccs.obj" "./drivers/Uart.obj" "../tm4c129encpdt.cmd"  -l"C:/ti/tivaware_c_series_2_1_4_178/driverlib/ccs/Debug/driverlib.lib" -llibc.a 
<Linking>
Finished building target: "LAB4B.out"
 

**** Build Finished ****
