
**** Build of configuration Debug for project pwd_led_uart ****

"C:\\ti\\ccs1210\\ccs\\utils\\bin\\gmake" -k -j 8 all -O 
 
Building file: "../tm4c129encpdt_startup_ccs.c"
Invoking: Arm Compiler
"C:/ti/ccs1210/ccs/tools/compiler/ti-cgt-arm_20.2.7.LTS/bin/armcl" -mv7M4 --code_state=16 --float_support=FPv4SPD16 -me -O2 --include_path="C:/ti/tivaware_c_series_2_1_4_178" --include_path="C:/ti/tivaware_c_series_2_1_4_178/inc" --include_path="C:/ti/tivaware_c_series_2_1_4_178/examples/boards/ek-tm4c129exl" --include_path="C:/ti/tivaware_c_series_2_1_4_178/utils" --include_path="C:/Users/mahon/workspace_v12/pwd_led_uart" --include_path="C:/ti/ccs1210/ccs/tools/compiler/ti-cgt-arm_20.2.7.LTS/include" --define=ccs="ccs" --define=TARGET_IS_TM4C1129_RA1 --define=PART_TM4C129ENCPDT -g --gcc --diag_warning=225 --diag_wrap=off --display_error_number --abi=eabi --preproc_with_compile --preproc_dependency="tm4c129encpdt_startup_ccs.d_raw"  "../tm4c129encpdt_startup_ccs.c"
Finished building: "../tm4c129encpdt_startup_ccs.c"
 
Building file: "../UART.c"
Invoking: Arm Compiler
"C:/ti/ccs1210/ccs/tools/compiler/ti-cgt-arm_20.2.7.LTS/bin/armcl" -mv7M4 --code_state=16 --float_support=FPv4SPD16 -me -O2 --include_path="C:/ti/tivaware_c_series_2_1_4_178" --include_path="C:/ti/tivaware_c_series_2_1_4_178/inc" --include_path="C:/ti/tivaware_c_series_2_1_4_178/examples/boards/ek-tm4c129exl" --include_path="C:/ti/tivaware_c_series_2_1_4_178/utils" --include_path="C:/Users/mahon/workspace_v12/pwd_led_uart" --include_path="C:/ti/ccs1210/ccs/tools/compiler/ti-cgt-arm_20.2.7.LTS/include" --define=ccs="ccs" --define=TARGET_IS_TM4C1129_RA1 --define=PART_TM4C129ENCPDT -g --gcc --diag_warning=225 --diag_wrap=off --display_error_number --abi=eabi --preproc_with_compile --preproc_dependency="UART.d_raw"  "../UART.c"
Finished building: "../UART.c"
 
Building file: "C:/ti/tivaware_c_series_2_1_4_178/utils/uartstdio.c"
Invoking: Arm Compiler
"C:/ti/ccs1210/ccs/tools/compiler/ti-cgt-arm_20.2.7.LTS/bin/armcl" -mv7M4 --code_state=16 --float_support=FPv4SPD16 -me -O2 --include_path="C:/ti/tivaware_c_series_2_1_4_178" --include_path="C:/ti/tivaware_c_series_2_1_4_178/inc" --include_path="C:/ti/tivaware_c_series_2_1_4_178/examples/boards/ek-tm4c129exl" --include_path="C:/ti/tivaware_c_series_2_1_4_178/utils" --include_path="C:/Users/mahon/workspace_v12/pwd_led_uart" --include_path="C:/ti/ccs1210/ccs/tools/compiler/ti-cgt-arm_20.2.7.LTS/include" --define=ccs="ccs" --define=TARGET_IS_TM4C1129_RA1 --define=PART_TM4C129ENCPDT -g --gcc --diag_warning=225 --diag_wrap=off --display_error_number --abi=eabi --preproc_with_compile --preproc_dependency="uartstdio.d_raw"  "C:/ti/tivaware_c_series_2_1_4_178/utils/uartstdio.c"
Finished building: "C:/ti/tivaware_c_series_2_1_4_178/utils/uartstdio.c"
 
Building target: "pwd_led_uart.out"
Invoking: Arm Linker
"C:/ti/ccs1210/ccs/tools/compiler/ti-cgt-arm_20.2.7.LTS/bin/armcl" -mv7M4 --code_state=16 --float_support=FPv4SPD16 -me -O2 --define=ccs="ccs" --define=TARGET_IS_TM4C1129_RA1 --define=PART_TM4C129ENCPDT -g --gcc --diag_warning=225 --diag_wrap=off --display_error_number --abi=eabi -z -m"pwd_led_uart.map" --heap_size=0 --stack_size=512 -i"C:/ti/ccs1210/ccs/tools/compiler/ti-cgt-arm_20.2.7.LTS/lib" -i"C:/ti/ccs1210/ccs/tools/compiler/ti-cgt-arm_20.2.7.LTS/include" --reread_libs --diag_wrap=off --display_error_number --warn_sections --xml_link_info="pwd_led_uart_linkInfo.xml" --rom_model -o "pwd_led_uart.out" "./UART.obj" "./tm4c129encpdt_startup_ccs.obj" "./uartstdio.obj" "../tm4c129encpdt.cmd"  -l"C:/ti/tivaware_c_series_2_1_4_178/driverlib/ccs/Debug/driverlib.lib" -llibc.a 
<Linking>
Finished building target: "pwd_led_uart.out"
 

**** Build Finished ****
